<?xml version="1.0" encoding="UTF-8"?>
<testng-results ignored="0" total="1" passed="1" failed="0" skipped="0">
  <reporter-output>
  </reporter-output>
  <suite started-at="2022-07-19T19:08:36 IST" name="SampleTest" finished-at="2022-07-19T19:08:50 IST" duration-ms="14797">
    <groups>
    </groups>
    <test started-at="2022-07-19T19:08:36 IST" name="Command line test" finished-at="2022-07-19T19:08:50 IST" duration-ms="14797">
      <class name="SampleTest">
        <test-method signature="test()[pri:0, instance:SampleTest@59309333]" started-at="2022-07-19T19:08:36 IST" name="test" finished-at="2022-07-19T19:08:50 IST" duration-ms="14771" status="PASS">
          <reporter-output>
          </reporter-output>
        </test-method> <!-- test -->
      </class> <!-- SampleTest -->
    </test> <!-- Command line test -->
  </suite> <!-- SampleTest -->
</testng-results>
